<?xml version="1.0" encoding="UTF-8"?>
<!-- Generated by org.testng.reporters.JUnitReportReporter -->
<testsuite skipped="0" hostname="Dell-PC" name="com.crm.Crm_create_organization" tests="1" failures="0" timestamp="1 Feb 2021 06:01:21 GMT" time="124.817" errors="0">
  <testcase name="create_organization" time="124.817" classname="com.crm.Crm_create_organization"/>
</testsuite> <!-- com.crm.Crm_create_organization -->
