<?xml version="1.0" encoding="UTF-8"?>
<!-- Generated by org.testng.reporters.JUnitReportReporter -->
<testsuite skipped="0" hostname="Dell-PC" name="com.crm.Creat_Lead" tests="1" failures="0" timestamp="27 Jan 2021 05:09:28 GMT" time="48.741" errors="0">
  <testcase name="create_lead" time="48.741" classname="com.crm.Creat_Lead"/>
</testsuite> <!-- com.crm.Creat_Lead -->
